c:\users\dell\source\repos\crossingroad\crossingroad\debug\vc141.pdb
c:\users\dell\source\repos\crossingroad\crossingroad\debug\vc141.idb
c:\users\dell\source\repos\crossingroad\crossingroad\debug\random.obj
c:\users\dell\source\repos\crossingroad\crossingroad\debug\main.obj
c:\users\dell\source\repos\crossingroad\crossingroad\debug\lib.obj
c:\users\dell\source\repos\crossingroad\crossingroad\debug\game.obj
c:\users\dell\source\repos\crossingroad\debug\crossingroad.exe
c:\users\dell\source\repos\crossingroad\debug\crossingroad.ilk
c:\users\dell\source\repos\crossingroad\debug\crossingroad.pdb
c:\users\dell\source\repos\crossingroad\crossingroad\debug\human.obj
c:\users\dell\source\repos\crossingroad\crossingroad\debug\roadside.obj
c:\users\dell\source\repos\crossingroad\crossingroad\debug\trafficlight.obj
c:\users\dell\source\repos\crossingroad\crossingroad\debug\game.obj.enc
c:\users\dell\source\repos\crossingroad\crossingroad\debug\main.obj.enc
c:\users\dell\source\repos\crossingroad\crossingroad\debug\crossingroad.tlog\cl.command.1.tlog
c:\users\dell\source\repos\crossingroad\crossingroad\debug\crossingroad.tlog\cl.read.1.tlog
c:\users\dell\source\repos\crossingroad\crossingroad\debug\crossingroad.tlog\cl.write.1.tlog
c:\users\dell\source\repos\crossingroad\crossingroad\debug\crossingroad.tlog\link.command.1.tlog
c:\users\dell\source\repos\crossingroad\crossingroad\debug\crossingroad.tlog\link.read.1.tlog
c:\users\dell\source\repos\crossingroad\crossingroad\debug\crossingroad.tlog\link.write.1.tlog
